0 verbose cli [
0 verbose cli   '/home/railon/.nvm/versions/node/v16.6.1/bin/node',
0 verbose cli   '/home/railon/.nvm/versions/node/v16.6.1/bin/npm',
0 verbose cli   'i',
0 verbose cli   'eslint-config-airbnb'
0 verbose cli ]
1 info using npm@7.20.5
2 info using node@v16.6.1
3 timing npm:load:whichnode Completed in 1ms
4 timing config:load:defaults Completed in 5ms
5 timing config:load:file:/home/railon/.nvm/versions/node/v16.6.1/lib/node_modules/npm/npmrc Completed in 1ms
6 timing config:load:builtin Completed in 1ms
7 timing config:load:cli Completed in 2ms
8 timing config:load:env Completed in 1ms
9 timing config:load:file:/home/railon/Projects/JavaScript/React/react-project-calculator/.npmrc Completed in 0ms
10 timing config:load:project Completed in 1ms
11 timing config:load:file:/home/railon/.npmrc Completed in 2ms
12 timing config:load:user Completed in 2ms
13 timing config:load:file:/home/railon/.nvm/versions/node/v16.6.1/etc/npmrc Completed in 0ms
14 timing config:load:global Completed in 0ms
15 timing config:load:validate Completed in 1ms
16 timing config:load:credentials Completed in 295ms
17 timing config:load:setEnvs Completed in 2ms
18 timing config:load Completed in 310ms
19 timing npm:load:configload Completed in 310ms
20 timing npm:load:setTitle Completed in 0ms
21 timing npm:load:setupLog Completed in 1ms
22 timing config:load:flatten Completed in 5ms
23 timing npm:load:cleanupLog Completed in 2ms
24 timing npm:load:configScope Completed in 0ms
25 timing npm:load:projectScope Completed in 0ms
26 timing npm:load Completed in 320ms
27 timing arborist:ctor Completed in 1ms
28 timing arborist:ctor Completed in 0ms
29 timing idealTree:init Completed in 11ms
30 timing idealTree:userRequests Completed in 2ms
31 silly idealTree buildDeps
32 silly fetch manifest @material-ui/core@^4.12.1
33 http fetch GET 200 https://registry.npmjs.org/@material-ui%2fcore 272ms (cache miss)
34 silly fetch manifest @types/react@^16.8.6 || ^17.0.0
35 http fetch GET 200 https://registry.npmjs.org/@types%2freact 160ms (cache miss)
36 silly fetch manifest react@^17.0.2
37 http fetch GET 200 https://registry.npmjs.org/react 399ms (cache miss)
38 silly fetch manifest react-dom@^17.0.2
39 http fetch GET 200 https://registry.npmjs.org/react-dom 174ms (cache miss)
40 silly fetch manifest @material-ui/icons@^4.11.2
41 http fetch GET 200 https://registry.npmjs.org/@material-ui%2ficons 209ms (cache miss)
42 silly fetch manifest @material-ui/system@^4.11.3
43 http fetch GET 200 https://registry.npmjs.org/@material-ui%2fsystem 135ms (cache miss)
44 silly fetch manifest @testing-library/user-event@^12.1.10
45 http fetch GET 200 https://registry.npmjs.org/@testing-library%2fuser-event 91ms (cache miss)
46 silly fetch manifest @testing-library/dom@>=7.21.4
47 http fetch GET 200 https://registry.npmjs.org/@testing-library%2fdom 519ms (cache miss)
48 silly fetch manifest @wojtekmaj/enzyme-adapter-react-17@^0.6.2
49 http fetch GET 200 https://registry.npmjs.org/@wojtekmaj%2fenzyme-adapter-react-17 776ms (cache miss)
50 silly fetch manifest enzyme@^3.11.0
51 http fetch GET 200 https://registry.npmjs.org/enzyme 57ms (cache miss)
52 silly fetch manifest babel-eslint@^10.1.0
53 http fetch GET 200 https://registry.npmjs.org/babel-eslint 99ms (cache miss)
54 silly fetch manifest eslint@^7.29.0
55 http fetch GET 200 https://registry.npmjs.org/eslint 177ms (cache miss)
56 silly fetch manifest babel-preset-stage-0@^6.24.1
57 http fetch GET 200 https://registry.npmjs.org/babel-preset-stage-0 365ms (cache miss)
58 silly fetch manifest big.js@^5.2.2
59 http fetch GET 200 https://registry.npmjs.org/big.js 36ms (cache miss)
60 silly fetch manifest bootstrap@^5.0.2
61 http fetch GET 200 https://registry.npmjs.org/bootstrap 56ms (cache miss)
62 silly fetch manifest @popperjs/core@^2.9.3
63 http fetch GET 200 https://registry.npmjs.org/@popperjs%2fcore 93ms (cache miss)
64 silly fetch manifest eslint-config-airbnb-base@^14.2.1
65 http fetch GET 200 https://registry.npmjs.org/eslint-config-airbnb-base 41ms (cache miss)
66 silly fetch manifest eslint-plugin-import@^2.23.4
67 http fetch GET 200 https://registry.npmjs.org/eslint-plugin-import 61ms (cache miss)
68 silly fetch manifest prop-types@^15.7.2
69 http fetch GET 200 https://registry.npmjs.org/prop-types 29ms (cache miss)
70 silly fetch manifest react-router-dom@^5.2.0
71 http fetch GET 200 https://registry.npmjs.org/react-router-dom 43ms (cache miss)
72 silly fetch manifest react-scripts@4.0.3
73 http fetch GET 200 https://registry.npmjs.org/react-scripts 109ms (cache miss)
74 silly fetch manifest typescript@^3.2.1 || ^4
75 http fetch GET 200 https://registry.npmjs.org/typescript 997ms (cache miss)
76 silly fetch manifest react-test-renderer@^17.0.2
77 http fetch GET 200 https://registry.npmjs.org/react-test-renderer 158ms (cache miss)
78 silly fetch manifest sinon@^11.1.1
79 http fetch GET 200 https://registry.npmjs.org/sinon 74ms (cache miss)
80 silly fetch manifest web-vitals@^1.0.1
81 http fetch GET 200 https://registry.npmjs.org/web-vitals 32ms (cache miss)
82 silly fetch manifest @babel/core@^7.14.6
83 http fetch GET 200 https://registry.npmjs.org/@babel%2fcore 69ms (cache miss)
84 silly fetch manifest @babel/eslint-parser@^7.14.7
85 http fetch GET 200 https://registry.npmjs.org/@babel%2feslint-parser 694ms (cache miss)
86 silly fetch manifest @babel/plugin-syntax-jsx@^7.14.5
87 http fetch GET 200 https://registry.npmjs.org/@babel%2fplugin-syntax-jsx 46ms (cache miss)
88 silly fetch manifest @babel/preset-react@^7.14.5
89 http fetch GET 200 https://registry.npmjs.org/@babel%2fpreset-react 60ms (cache miss)
90 silly fetch manifest @testing-library/jest-dom@^5.14.1
91 http fetch GET 200 https://registry.npmjs.org/@testing-library%2fjest-dom 122ms (cache miss)
92 silly fetch manifest @testing-library/react@^11.2.7
93 http fetch GET 200 https://registry.npmjs.org/@testing-library%2freact 126ms (cache miss)
94 silly fetch manifest enzyme-adapter-react-16@^1.15.6
95 http fetch GET 200 https://registry.npmjs.org/enzyme-adapter-react-16 44ms (cache miss)
96 silly fetch manifest react@^16.0.0-0
97 timing idealTree Completed in 7401ms
98 timing command:install Completed in 7467ms
99 verbose stack Error: unable to resolve dependency tree
99 verbose stack     at Arborist.[failPeerConflict] (/home/railon/.nvm/versions/node/v16.6.1/lib/node_modules/npm/node_modules/@npmcli/arborist/lib/arborist/build-ideal-tree.js:1266:25)
99 verbose stack     at Arborist.[loadPeerSet] (/home/railon/.nvm/versions/node/v16.6.1/lib/node_modules/npm/node_modules/@npmcli/arborist/lib/arborist/build-ideal-tree.js:1233:34)
99 verbose stack     at async Arborist.[buildDepStep] (/home/railon/.nvm/versions/node/v16.6.1/lib/node_modules/npm/node_modules/@npmcli/arborist/lib/arborist/build-ideal-tree.js:867:11)
99 verbose stack     at async Arborist.buildIdealTree (/home/railon/.nvm/versions/node/v16.6.1/lib/node_modules/npm/node_modules/@npmcli/arborist/lib/arborist/build-ideal-tree.js:203:7)
99 verbose stack     at async Promise.all (index 1)
99 verbose stack     at async Arborist.reify (/home/railon/.nvm/versions/node/v16.6.1/lib/node_modules/npm/node_modules/@npmcli/arborist/lib/arborist/reify.js:141:5)
99 verbose stack     at async Install.install (/home/railon/.nvm/versions/node/v16.6.1/lib/node_modules/npm/lib/install.js:150:5)
100 verbose cwd /home/railon/Projects/JavaScript/React/react-project-calculator
101 verbose Linux 5.11.0-25-generic
102 verbose argv "/home/railon/.nvm/versions/node/v16.6.1/bin/node" "/home/railon/.nvm/versions/node/v16.6.1/bin/npm" "i" "eslint-config-airbnb"
103 verbose node v16.6.1
104 verbose npm  v7.20.5
105 error code ERESOLVE
106 error ERESOLVE unable to resolve dependency tree
107 error
108 error While resolving: [1mreact-calculator[22m@[1m0.1.0[22m
108 error Found: [1mreact[22m@[1m17.0.2[22m[2m[22m
108 error [2mnode_modules/react[22m
108 error   [1mreact[22m@"[1m^17.0.2[22m" from the root project
108 error
108 error Could not resolve dependency:
108 error [35mpeer[39m [1mreact[22m@"[1m^16.0.0-0[22m" from [1menzyme-adapter-react-16[22m@[1m1.15.6[22m[2m[22m
108 error [2mnode_modules/enzyme-adapter-react-16[22m
108 error   [33mdev[39m [1menzyme-adapter-react-16[22m@"[1m^1.15.6[22m" from the root project
108 error
108 error Fix the upstream dependency conflict, or retry
108 error this command with --force, or --legacy-peer-deps
108 error to accept an incorrect (and potentially broken) dependency resolution.
108 error
108 error See /home/railon/Projects/JavaScript/React/react-project-calculator/C:tmpnodejsnpm-cache/eresolve-report.txt for a full report.
109 verbose exit 1
