0 verbose cli [
0 verbose cli   '/home/railon/.nvm/versions/node/v16.6.1/bin/node',
0 verbose cli   '/home/railon/.nvm/versions/node/v16.6.1/lib/node_modules/npm/bin/npm-cli.js',
0 verbose cli   'exec',
0 verbose cli   '--',
0 verbose cli   'test'
0 verbose cli ]
1 info using npm@7.20.5
2 info using node@v16.6.1
3 timing npm:load:whichnode Completed in 0ms
4 timing config:load:defaults Completed in 2ms
5 timing config:load:file:/home/railon/.nvm/versions/node/v16.6.1/lib/node_modules/npm/npmrc Completed in 1ms
6 timing config:load:builtin Completed in 1ms
7 timing config:load:cli Completed in 1ms
8 timing config:load:env Completed in 1ms
9 timing config:load:file:/home/railon/Projects/JavaScript/React/react-project-calculator/.npmrc Completed in 0ms
10 timing config:load:project Completed in 1ms
11 timing config:load:file:/home/railon/.npmrc Completed in 1ms
12 timing config:load:user Completed in 1ms
13 timing config:load:file:/home/railon/.nvm/versions/node/v16.6.1/etc/npmrc Completed in 0ms
14 timing config:load:global Completed in 0ms
15 timing config:load:validate Completed in 1ms
16 timing config:load:credentials Completed in 1ms
17 timing config:load:setEnvs Completed in 1ms
18 timing config:load Completed in 10ms
19 timing npm:load:configload Completed in 10ms
20 timing npm:load:setTitle Completed in 0ms
21 timing npm:load:setupLog Completed in 0ms
22 timing config:load:flatten Completed in 3ms
23 timing npm:load:cleanupLog Completed in 2ms
24 timing npm:load:configScope Completed in 0ms
25 timing npm:load:projectScope Completed in 1ms
26 timing npm:load Completed in 17ms
27 http fetch GET 200 https://registry.npmjs.org/test 476ms (cache miss)
28 timing command:exec Completed in 517ms
29 verbose stack Error: could not determine executable to run
29 verbose stack     at getBinFromManifest (/home/railon/.nvm/versions/node/v16.6.1/lib/node_modules/npm/node_modules/libnpmexec/lib/get-bin-from-manifest.js:15:23)
29 verbose stack     at exec (/home/railon/.nvm/versions/node/v16.6.1/lib/node_modules/npm/node_modules/libnpmexec/lib/index.js:113:15)
30 verbose pkgid test@0.6.0
31 verbose cwd /home/railon/Projects/JavaScript/React/react-project-calculator
32 verbose Linux 5.11.0-25-generic
33 verbose argv "/home/railon/.nvm/versions/node/v16.6.1/bin/node" "/home/railon/.nvm/versions/node/v16.6.1/lib/node_modules/npm/bin/npm-cli.js" "exec" "--" "test"
34 verbose node v16.6.1
35 verbose npm  v7.20.5
36 error could not determine executable to run
37 verbose exit 1
