0 verbose cli [
0 verbose cli   '/home/railon/.nvm/versions/node/v16.6.1/bin/node',
0 verbose cli   '/home/railon/.nvm/versions/node/v16.6.1/bin/npm',
0 verbose cli   'i',
0 verbose cli   'eslint-plugin-@typescript-eslint@latest',
0 verbose cli   '--save-dev'
0 verbose cli ]
1 info using npm@7.20.5
2 info using node@v16.6.1
3 timing npm:load:whichnode Completed in 0ms
4 timing config:load:defaults Completed in 2ms
5 timing config:load:file:/home/railon/.nvm/versions/node/v16.6.1/lib/node_modules/npm/npmrc Completed in 1ms
6 timing config:load:builtin Completed in 1ms
7 timing config:load:cli Completed in 2ms
8 timing config:load:env Completed in 1ms
9 timing config:load:file:/home/railon/Projects/JavaScript/React/react-project-calculator/.npmrc Completed in 0ms
10 timing config:load:project Completed in 1ms
11 timing config:load:file:/home/railon/.npmrc Completed in 1ms
12 timing config:load:user Completed in 1ms
13 timing config:load:file:/home/railon/.nvm/versions/node/v16.6.1/etc/npmrc Completed in 0ms
14 timing config:load:global Completed in 0ms
15 timing config:load:validate Completed in 1ms
16 timing config:load:credentials Completed in 1ms
17 timing config:load:setEnvs Completed in 1ms
18 timing config:load Completed in 11ms
19 timing npm:load:configload Completed in 11ms
20 timing npm:load:setTitle Completed in 0ms
21 timing npm:load:setupLog Completed in 0ms
22 timing config:load:flatten Completed in 3ms
23 timing npm:load:cleanupLog Completed in 2ms
24 timing npm:load:configScope Completed in 0ms
25 timing npm:load:projectScope Completed in 1ms
26 timing npm:load Completed in 18ms
27 timing arborist:ctor Completed in 1ms
28 timing idealTree:init Completed in 1313ms
29 timing idealTree Completed in 1315ms
30 timing command:install Completed in 1328ms
31 verbose stack Error: Invalid tag name "typescript-eslint@latest": Tags may not have any characters that encodeURIComponent encodes.
31 verbose stack     at invalidTagName (/home/railon/.nvm/versions/node/v16.6.1/lib/node_modules/npm/node_modules/npm-package-arg/npa.js:89:15)
31 verbose stack     at fromRegistry (/home/railon/.nvm/versions/node/v16.6.1/lib/node_modules/npm/node_modules/npm-package-arg/npa.js:343:13)
31 verbose stack     at resolve (/home/railon/.nvm/versions/node/v16.6.1/lib/node_modules/npm/node_modules/npm-package-arg/npa.js:80:12)
31 verbose stack     at npa (/home/railon/.nvm/versions/node/v16.6.1/lib/node_modules/npm/node_modules/npm-package-arg/npa.js:48:10)
31 verbose stack     at /home/railon/.nvm/versions/node/v16.6.1/lib/node_modules/npm/node_modules/@npmcli/arborist/lib/arborist/build-ideal-tree.js:455:50
31 verbose stack     at Array.map (<anonymous>)
31 verbose stack     at Arborist.[add] (/home/railon/.nvm/versions/node/v16.6.1/lib/node_modules/npm/node_modules/@npmcli/arborist/lib/arborist/build-ideal-tree.js:452:28)
31 verbose stack     at Arborist.[applyUserRequestsToNode] (/home/railon/.nvm/versions/node/v16.6.1/lib/node_modules/npm/node_modules/@npmcli/arborist/lib/arborist/build-ideal-tree.js:427:23)
31 verbose stack     at Arborist.[applyUserRequests] (/home/railon/.nvm/versions/node/v16.6.1/lib/node_modules/npm/node_modules/@npmcli/arborist/lib/arborist/build-ideal-tree.js:383:43)
31 verbose stack     at Arborist.buildIdealTree (/home/railon/.nvm/versions/node/v16.6.1/lib/node_modules/npm/node_modules/@npmcli/arborist/lib/arborist/build-ideal-tree.js:202:37)
32 verbose cwd /home/railon/Projects/JavaScript/React/react-project-calculator
33 verbose Linux 5.11.0-25-generic
34 verbose argv "/home/railon/.nvm/versions/node/v16.6.1/bin/node" "/home/railon/.nvm/versions/node/v16.6.1/bin/npm" "i" "eslint-plugin-@typescript-eslint@latest" "--save-dev"
35 verbose node v16.6.1
36 verbose npm  v7.20.5
37 error code EINVALIDTAGNAME
38 error Invalid tag name "typescript-eslint@latest": Tags may not have any characters that encodeURIComponent encodes.
39 verbose exit 1
