0 verbose cli [
0 verbose cli   '/home/railon/.nvm/versions/node/v16.6.1/bin/node',
0 verbose cli   '/home/railon/.nvm/versions/node/v16.6.1/bin/npm',
0 verbose cli   'install'
0 verbose cli ]
1 info using npm@7.20.5
2 info using node@v16.6.1
3 timing npm:load:whichnode Completed in 1ms
4 timing config:load:defaults Completed in 1ms
5 timing config:load:file:/home/railon/.nvm/versions/node/v16.6.1/lib/node_modules/npm/npmrc Completed in 1ms
6 timing config:load:builtin Completed in 1ms
7 timing config:load:cli Completed in 2ms
8 timing config:load:env Completed in 0ms
9 timing config:load:file:/home/railon/Projects/JavaScript/React/react-project-calculator/.npmrc Completed in 0ms
10 timing config:load:project Completed in 1ms
11 timing config:load:file:/home/railon/.npmrc Completed in 1ms
12 timing config:load:user Completed in 1ms
13 timing config:load:file:/home/railon/.nvm/versions/node/v16.6.1/etc/npmrc Completed in 1ms
14 timing config:load:global Completed in 1ms
15 timing config:load:validate Completed in 0ms
16 timing config:load:credentials Completed in 1ms
17 timing config:load:setEnvs Completed in 1ms
18 timing config:load Completed in 9ms
19 timing npm:load:configload Completed in 9ms
20 timing npm:load:setTitle Completed in 0ms
21 timing npm:load:setupLog Completed in 1ms
22 timing config:load:flatten Completed in 2ms
23 timing npm:load:cleanupLog Completed in 2ms
24 timing npm:load:configScope Completed in 0ms
25 timing npm:load:projectScope Completed in 0ms
26 timing npm:load Completed in 18ms
27 timing arborist:ctor Completed in 1ms
28 timing arborist:ctor Completed in 0ms
29 timing idealTree:init Completed in 17ms
30 timing idealTree:userRequests Completed in 0ms
31 silly idealTree buildDeps
32 silly fetch manifest @material-ui/core@^4.12.1
33 http fetch GET 200 https://registry.npmjs.org/@material-ui%2fcore 136ms (cache revalidated)
34 silly fetch manifest @types/react@^16.8.6 || ^17.0.0
35 http fetch GET 200 https://registry.npmjs.org/@types%2freact 49ms (cache revalidated)
36 silly fetch manifest react@^17.0.2
37 http fetch GET 200 https://registry.npmjs.org/react 46ms (cache revalidated)
38 silly fetch manifest react-dom@^17.0.2
39 http fetch GET 200 https://registry.npmjs.org/react-dom 43ms (cache revalidated)
40 silly fetch manifest @material-ui/icons@^4.11.2
41 http fetch GET 200 https://registry.npmjs.org/@material-ui%2ficons 67ms (cache revalidated)
42 silly fetch manifest @material-ui/system@^4.11.3
43 http fetch GET 200 https://registry.npmjs.org/@material-ui%2fsystem 51ms (cache revalidated)
44 silly fetch manifest @testing-library/jest-dom@^5.14.1
45 http fetch GET 200 https://registry.npmjs.org/@testing-library%2fjest-dom 52ms (cache revalidated)
46 silly fetch manifest @testing-library/react@^11.2.7
47 http fetch GET 200 https://registry.npmjs.org/@testing-library%2freact 49ms (cache revalidated)
48 silly fetch manifest @testing-library/user-event@^12.1.10
49 http fetch GET 200 https://registry.npmjs.org/@testing-library%2fuser-event 49ms (cache revalidated)
50 silly fetch manifest @testing-library/dom@>=7.21.4
51 http fetch GET 200 https://registry.npmjs.org/@testing-library%2fdom 67ms (cache revalidated)
52 silly fetch manifest @wojtekmaj/enzyme-adapter-react-17@^0.6.2
53 http fetch GET 200 https://registry.npmjs.org/@wojtekmaj%2fenzyme-adapter-react-17 541ms (cache revalidated)
54 silly fetch manifest enzyme@^3.11.0
55 http fetch GET 200 https://registry.npmjs.org/enzyme 61ms (cache revalidated)
56 silly fetch manifest babel-eslint@^10.1.0
57 http fetch GET 200 https://registry.npmjs.org/babel-eslint 73ms (cache revalidated)
58 silly fetch manifest eslint@^7.32.0
59 http fetch GET 200 https://registry.npmjs.org/eslint 43ms (cache revalidated)
60 silly fetch manifest babel-preset-stage-0@^6.24.1
61 http fetch GET 200 https://registry.npmjs.org/babel-preset-stage-0 39ms (cache revalidated)
62 silly fetch manifest big.js@^5.2.2
63 http fetch GET 200 https://registry.npmjs.org/big.js 41ms (cache revalidated)
64 silly fetch manifest bootstrap@^5.0.2
65 http fetch GET 200 https://registry.npmjs.org/bootstrap 32ms (cache revalidated)
66 silly fetch manifest @popperjs/core@^2.9.3
67 http fetch GET 200 https://registry.npmjs.org/@popperjs%2fcore 71ms (cache revalidated)
68 silly fetch manifest eslint-config-airbnb-base@^14.2.1
69 http fetch GET 200 https://registry.npmjs.org/eslint-config-airbnb-base 46ms (cache revalidated)
70 silly fetch manifest eslint-plugin-import@^2.24.0
71 http fetch GET 200 https://registry.npmjs.org/eslint-plugin-import 49ms (cache revalidated)
72 silly fetch manifest prop-types@^15.7.2
73 http fetch GET 200 https://registry.npmjs.org/prop-types 41ms (cache revalidated)
74 silly fetch manifest react-router-dom@^5.2.0
75 http fetch GET 200 https://registry.npmjs.org/react-router-dom 34ms (cache revalidated)
76 silly fetch manifest react-scripts@^1.1.5
77 http fetch GET 200 https://registry.npmjs.org/react-scripts 46ms (cache revalidated)
78 silly fetch manifest react-tinder-card@^1.4.0
79 http fetch GET 200 https://registry.npmjs.org/react-tinder-card 371ms (cache revalidated)
80 silly fetch manifest react@^16.8.0
81 timing idealTree Completed in 2319ms
82 timing command:install Completed in 2353ms
83 verbose stack Error: unable to resolve dependency tree
83 verbose stack     at Arborist.[failPeerConflict] (/home/railon/.nvm/versions/node/v16.6.1/lib/node_modules/npm/node_modules/@npmcli/arborist/lib/arborist/build-ideal-tree.js:1266:25)
83 verbose stack     at Arborist.[loadPeerSet] (/home/railon/.nvm/versions/node/v16.6.1/lib/node_modules/npm/node_modules/@npmcli/arborist/lib/arborist/build-ideal-tree.js:1233:34)
83 verbose stack     at async Arborist.[buildDepStep] (/home/railon/.nvm/versions/node/v16.6.1/lib/node_modules/npm/node_modules/@npmcli/arborist/lib/arborist/build-ideal-tree.js:867:11)
83 verbose stack     at async Arborist.buildIdealTree (/home/railon/.nvm/versions/node/v16.6.1/lib/node_modules/npm/node_modules/@npmcli/arborist/lib/arborist/build-ideal-tree.js:203:7)
83 verbose stack     at async Promise.all (index 1)
83 verbose stack     at async Arborist.reify (/home/railon/.nvm/versions/node/v16.6.1/lib/node_modules/npm/node_modules/@npmcli/arborist/lib/arborist/reify.js:141:5)
83 verbose stack     at async Install.install (/home/railon/.nvm/versions/node/v16.6.1/lib/node_modules/npm/lib/install.js:150:5)
84 verbose cwd /home/railon/Projects/JavaScript/React/react-project-calculator
85 verbose Linux 5.11.0-25-generic
86 verbose argv "/home/railon/.nvm/versions/node/v16.6.1/bin/node" "/home/railon/.nvm/versions/node/v16.6.1/bin/npm" "install"
87 verbose node v16.6.1
88 verbose npm  v7.20.5
89 error code ERESOLVE
90 error ERESOLVE unable to resolve dependency tree
91 error
92 error While resolving: [1mreact-calculator[22m@[1m0.1.0[22m
92 error Found: [1mreact[22m@[1m17.0.2[22m[2m[22m
92 error [2mnode_modules/react[22m
92 error   [1mreact[22m@"[1m^17.0.2[22m" from the root project
92 error
92 error Could not resolve dependency:
92 error [35mpeer[39m [1mreact[22m@"[1m^16.8.0[22m" from [1mreact-tinder-card[22m@[1m1.4.0[22m[2m[22m
92 error [2mnode_modules/react-tinder-card[22m
92 error   [1mreact-tinder-card[22m@"[1m^1.4.0[22m" from the root project
92 error
92 error Fix the upstream dependency conflict, or retry
92 error this command with --force, or --legacy-peer-deps
92 error to accept an incorrect (and potentially broken) dependency resolution.
92 error
92 error See /home/railon/Projects/JavaScript/React/react-project-calculator/C:tmpnodejsnpm-cache/eresolve-report.txt for a full report.
93 verbose exit 1
