0 verbose cli [
0 verbose cli   '/home/railon/.nvm/versions/node/v16.6.1/bin/node',
0 verbose cli   '/home/railon/.nvm/versions/node/v16.6.1/bin/npm',
0 verbose cli   'i',
0 verbose cli   'jest',
0 verbose cli   'jest-styled-components',
0 verbose cli   'react-test-renderer',
0 verbose cli   '--save-dev'
0 verbose cli ]
1 info using npm@7.20.5
2 info using node@v16.6.1
3 timing npm:load:whichnode Completed in 0ms
4 timing config:load:defaults Completed in 1ms
5 timing config:load:file:/home/railon/.nvm/versions/node/v16.6.1/lib/node_modules/npm/npmrc Completed in 1ms
6 timing config:load:builtin Completed in 1ms
7 timing config:load:cli Completed in 2ms
8 timing config:load:env Completed in 1ms
9 timing config:load:file:/home/railon/Projects/JavaScript/React/react-project-calculator/.npmrc Completed in 0ms
10 timing config:load:project Completed in 1ms
11 timing config:load:file:/home/railon/.npmrc Completed in 1ms
12 timing config:load:user Completed in 1ms
13 timing config:load:file:/home/railon/.nvm/versions/node/v16.6.1/etc/npmrc Completed in 0ms
14 timing config:load:global Completed in 0ms
15 timing config:load:validate Completed in 1ms
16 timing config:load:credentials Completed in 1ms
17 timing config:load:setEnvs Completed in 1ms
18 timing config:load Completed in 10ms
19 timing npm:load:configload Completed in 10ms
20 timing npm:load:setTitle Completed in 0ms
21 timing npm:load:setupLog Completed in 0ms
22 timing config:load:flatten Completed in 3ms
23 timing npm:load:cleanupLog Completed in 2ms
24 timing npm:load:configScope Completed in 0ms
25 timing npm:load:projectScope Completed in 0ms
26 timing npm:load Completed in 18ms
27 timing arborist:ctor Completed in 5ms
28 timing arborist:ctor Completed in 0ms
29 timing idealTree:init Completed in 15ms
30 warn idealTree Removing dependencies.react-test-renderer in favor of devDependencies.react-test-renderer
31 timing idealTree:userRequests Completed in 3ms
32 silly idealTree buildDeps
33 silly fetch manifest @material-ui/core@^4.12.1
34 http fetch GET 200 https://registry.npmjs.org/@material-ui%2fcore 219ms (cache revalidated)
35 silly fetch manifest @types/react@^16.8.6 || ^17.0.0
36 http fetch GET 200 https://registry.npmjs.org/@types%2freact 117ms (cache revalidated)
37 silly fetch manifest react@^17.0.2
38 http fetch GET 200 https://registry.npmjs.org/react 10ms (cache hit)
39 silly fetch manifest react-dom@^17.0.2
40 http fetch GET 200 https://registry.npmjs.org/react-dom 116ms (cache revalidated)
41 silly fetch manifest @material-ui/icons@^4.11.2
42 http fetch GET 200 https://registry.npmjs.org/@material-ui%2ficons 789ms (cache revalidated)
43 silly fetch manifest @material-ui/system@^4.11.3
44 http fetch GET 200 https://registry.npmjs.org/@material-ui%2fsystem 132ms (cache revalidated)
45 silly fetch manifest @testing-library/jest-dom@^5.14.1
46 http fetch GET 200 https://registry.npmjs.org/@testing-library%2fjest-dom 131ms (cache revalidated)
47 silly fetch manifest @testing-library/react@^11.2.7
48 http fetch GET 200 https://registry.npmjs.org/@testing-library%2freact 132ms (cache revalidated)
49 silly fetch manifest @testing-library/user-event@^12.1.10
50 http fetch GET 200 https://registry.npmjs.org/@testing-library%2fuser-event 76ms (cache revalidated)
51 silly fetch manifest @testing-library/dom@>=7.21.4
52 http fetch GET 200 https://registry.npmjs.org/@testing-library%2fdom 88ms (cache revalidated)
53 silly fetch manifest @wojtekmaj/enzyme-adapter-react-17@^0.6.2
54 http fetch GET 200 https://registry.npmjs.org/@wojtekmaj%2fenzyme-adapter-react-17 88ms (cache revalidated)
55 silly fetch manifest enzyme@^3.11.0
56 http fetch GET 200 https://registry.npmjs.org/enzyme 61ms (cache revalidated)
57 silly fetch manifest babel-eslint@^10.1.0
58 http fetch GET 200 https://registry.npmjs.org/babel-eslint 87ms (cache revalidated)
59 silly fetch manifest eslint@^7.32.0
60 http fetch GET 200 https://registry.npmjs.org/eslint 84ms (cache revalidated)
61 silly fetch manifest babel-preset-stage-0@^6.24.1
62 http fetch GET 200 https://registry.npmjs.org/babel-preset-stage-0 78ms (cache revalidated)
63 silly fetch manifest big.js@^5.2.2
64 http fetch GET 200 https://registry.npmjs.org/big.js 35ms (cache revalidated)
65 silly fetch manifest bootstrap@^5.0.2
66 http fetch GET 200 https://registry.npmjs.org/bootstrap 67ms (cache revalidated)
67 silly fetch manifest @popperjs/core@^2.9.3
68 http fetch GET 200 https://registry.npmjs.org/@popperjs%2fcore 133ms (cache revalidated)
69 silly fetch manifest eslint-config-airbnb-base@^14.2.1
70 http fetch GET 200 https://registry.npmjs.org/eslint-config-airbnb-base 107ms (cache revalidated)
71 silly fetch manifest eslint-plugin-import@^2.24.0
72 http fetch GET 200 https://registry.npmjs.org/eslint-plugin-import 216ms (cache revalidated)
73 silly fetch manifest prop-types@^15.7.2
74 http fetch GET 200 https://registry.npmjs.org/prop-types 56ms (cache revalidated)
75 silly fetch manifest react-router-dom@^5.2.0
76 http fetch GET 200 https://registry.npmjs.org/react-router-dom 71ms (cache revalidated)
77 silly fetch manifest react-scripts@^1.1.5
78 http fetch GET 200 https://registry.npmjs.org/react-scripts 71ms (cache revalidated)
79 silly fetch manifest sinon@^11.1.1
80 http fetch GET 200 https://registry.npmjs.org/sinon 97ms (cache revalidated)
81 silly fetch manifest web-vitals@^1.0.1
82 http fetch GET 200 https://registry.npmjs.org/web-vitals 45ms (cache revalidated)
83 silly fetch manifest @babel/cli@^7.14.8
84 http fetch GET 200 https://registry.npmjs.org/@babel%2fcli 72ms (cache revalidated)
85 silly fetch manifest @babel/core@^7.15.0
86 http fetch GET 200 https://registry.npmjs.org/@babel%2fcore 105ms (cache revalidated)
87 silly fetch manifest @babel/eslint-parser@^7.15.0
88 http fetch GET 200 https://registry.npmjs.org/@babel%2feslint-parser 77ms (cache revalidated)
89 silly fetch manifest @babel/node@^7.14.9
90 http fetch GET 200 https://registry.npmjs.org/@babel%2fnode 81ms (cache revalidated)
91 silly fetch manifest @babel/plugin-syntax-jsx@^7.14.5
92 http fetch GET 200 https://registry.npmjs.org/@babel%2fplugin-syntax-jsx 44ms (cache revalidated)
93 silly fetch manifest @babel/plugin-transform-runtime@^7.15.0
94 http fetch GET 200 https://registry.npmjs.org/@babel%2fplugin-transform-runtime 76ms (cache revalidated)
95 silly fetch manifest @babel/polyfill@^7.12.1
96 http fetch GET 200 https://registry.npmjs.org/@babel%2fpolyfill 59ms (cache revalidated)
97 silly fetch manifest @babel/preset-env@^7.15.0
98 http fetch GET 200 https://registry.npmjs.org/@babel%2fpreset-env 81ms (cache revalidated)
99 silly fetch manifest @babel/preset-react@^7.14.5
100 http fetch GET 200 https://registry.npmjs.org/@babel%2fpreset-react 102ms (cache revalidated)
101 silly fetch manifest babel-jest@^27.0.6
102 http fetch GET 200 https://registry.npmjs.org/babel-jest 77ms (cache revalidated)
103 silly fetch manifest enzyme-adapter-react-16@^1.15.6
104 http fetch GET 200 https://registry.npmjs.org/enzyme-adapter-react-16 75ms (cache revalidated)
105 silly fetch manifest react@^16.0.0-0
106 timing idealTree Completed in 4262ms
107 timing command:install Completed in 4305ms
108 verbose stack Error: unable to resolve dependency tree
108 verbose stack     at Arborist.[failPeerConflict] (/home/railon/.nvm/versions/node/v16.6.1/lib/node_modules/npm/node_modules/@npmcli/arborist/lib/arborist/build-ideal-tree.js:1266:25)
108 verbose stack     at Arborist.[loadPeerSet] (/home/railon/.nvm/versions/node/v16.6.1/lib/node_modules/npm/node_modules/@npmcli/arborist/lib/arborist/build-ideal-tree.js:1233:34)
108 verbose stack     at async Arborist.[buildDepStep] (/home/railon/.nvm/versions/node/v16.6.1/lib/node_modules/npm/node_modules/@npmcli/arborist/lib/arborist/build-ideal-tree.js:867:11)
108 verbose stack     at async Arborist.buildIdealTree (/home/railon/.nvm/versions/node/v16.6.1/lib/node_modules/npm/node_modules/@npmcli/arborist/lib/arborist/build-ideal-tree.js:203:7)
108 verbose stack     at async Promise.all (index 1)
108 verbose stack     at async Arborist.reify (/home/railon/.nvm/versions/node/v16.6.1/lib/node_modules/npm/node_modules/@npmcli/arborist/lib/arborist/reify.js:141:5)
108 verbose stack     at async Install.install (/home/railon/.nvm/versions/node/v16.6.1/lib/node_modules/npm/lib/install.js:150:5)
109 verbose cwd /home/railon/Projects/JavaScript/React/react-project-calculator
110 verbose Linux 5.11.0-25-generic
111 verbose argv "/home/railon/.nvm/versions/node/v16.6.1/bin/node" "/home/railon/.nvm/versions/node/v16.6.1/bin/npm" "i" "jest" "jest-styled-components" "react-test-renderer" "--save-dev"
112 verbose node v16.6.1
113 verbose npm  v7.20.5
114 error code ERESOLVE
115 error ERESOLVE unable to resolve dependency tree
116 error
117 error While resolving: [1mreact-calculator[22m@[1m0.1.0[22m
117 error Found: [1mreact[22m@[1m17.0.2[22m[2m[22m
117 error [2mnode_modules/react[22m
117 error   [1mreact[22m@"[1m^17.0.2[22m" from the root project
117 error
117 error Could not resolve dependency:
117 error [35mpeer[39m [1mreact[22m@"[1m^16.0.0-0[22m" from [1menzyme-adapter-react-16[22m@[1m1.15.6[22m[2m[22m
117 error [2mnode_modules/enzyme-adapter-react-16[22m
117 error   [33mdev[39m [1menzyme-adapter-react-16[22m@"[1m^1.15.6[22m" from the root project
117 error
117 error Fix the upstream dependency conflict, or retry
117 error this command with --force, or --legacy-peer-deps
117 error to accept an incorrect (and potentially broken) dependency resolution.
117 error
117 error See /home/railon/Projects/JavaScript/React/react-project-calculator/C:tmpnodejsnpm-cache/eresolve-report.txt for a full report.
118 verbose exit 1
