0 verbose cli [
0 verbose cli   '/home/railon/.nvm/versions/node/v16.6.1/bin/node',
0 verbose cli   '/home/railon/.nvm/versions/node/v16.6.1/bin/npm',
0 verbose cli   'install',
0 verbose cli   '--force'
0 verbose cli ]
1 info using npm@7.20.5
2 info using node@v16.6.1
3 timing npm:load:whichnode Completed in 0ms
4 timing config:load:defaults Completed in 2ms
5 timing config:load:file:/home/railon/.nvm/versions/node/v16.6.1/lib/node_modules/npm/npmrc Completed in 1ms
6 timing config:load:builtin Completed in 1ms
7 timing config:load:cli Completed in 2ms
8 timing config:load:env Completed in 1ms
9 timing config:load:file:/home/railon/Projects/JavaScript/React/react-project-calculator/.npmrc Completed in 0ms
10 timing config:load:project Completed in 0ms
11 timing config:load:file:/home/railon/.npmrc Completed in 2ms
12 timing config:load:user Completed in 2ms
13 timing config:load:file:/home/railon/.nvm/versions/node/v16.6.1/etc/npmrc Completed in 0ms
14 timing config:load:global Completed in 0ms
15 timing config:load:validate Completed in 1ms
16 timing config:load:credentials Completed in 1ms
17 timing config:load:setEnvs Completed in 0ms
18 timing config:load Completed in 10ms
19 timing npm:load:configload Completed in 10ms
20 timing npm:load:setTitle Completed in 1ms
21 timing npm:load:setupLog Completed in 0ms
22 timing config:load:flatten Completed in 3ms
23 timing npm:load:cleanupLog Completed in 2ms
24 timing npm:load:configScope Completed in 0ms
25 timing npm:load:projectScope Completed in 1ms
26 warn using --force Recommended protections disabled.
27 timing npm:load Completed in 22ms
28 timing arborist:ctor Completed in 1ms
29 timing arborist:ctor Completed in 0ms
30 timing idealTree:init Completed in 13ms
31 timing idealTree:userRequests Completed in 0ms
32 silly idealTree buildDeps
33 silly fetch manifest @material-ui/core@^4.12.1
34 http fetch GET 200 https://registry.npmjs.org/@material-ui%2fcore 18ms (cache hit)
35 silly fetch manifest @types/react@^16.8.6 || ^17.0.0
36 http fetch GET 200 https://registry.npmjs.org/@types%2freact 5ms (cache hit)
37 silly fetch manifest react@^17.0.2
38 http fetch GET 200 https://registry.npmjs.org/react 7ms (cache hit)
39 silly fetch manifest react-dom@^17.0.2
40 http fetch GET 200 https://registry.npmjs.org/react-dom 6ms (cache hit)
41 silly fetch manifest @material-ui/icons@^4.11.2
42 http fetch GET 200 https://registry.npmjs.org/@material-ui%2ficons 7ms (cache hit)
43 silly fetch manifest @material-ui/system@^4.11.3
44 http fetch GET 200 https://registry.npmjs.org/@material-ui%2fsystem 9ms (cache hit)
45 silly fetch manifest @testing-library/jest-dom@^5.14.1
46 http fetch GET 200 https://registry.npmjs.org/@testing-library%2fjest-dom 5ms (cache hit)
47 silly fetch manifest @testing-library/react@^11.2.7
48 http fetch GET 200 https://registry.npmjs.org/@testing-library%2freact 4ms (cache hit)
49 silly fetch manifest @testing-library/user-event@^12.1.10
50 http fetch GET 200 https://registry.npmjs.org/@testing-library%2fuser-event 6ms (cache hit)
51 silly fetch manifest @testing-library/dom@>=7.21.4
52 http fetch GET 200 https://registry.npmjs.org/@testing-library%2fdom 7ms (cache hit)
53 silly fetch manifest @wojtekmaj/enzyme-adapter-react-17@^0.6.2
54 http fetch GET 200 https://registry.npmjs.org/@wojtekmaj%2fenzyme-adapter-react-17 5ms (cache hit)
55 silly fetch manifest enzyme@^3.11.0
56 http fetch GET 200 https://registry.npmjs.org/enzyme 7ms (cache hit)
57 silly fetch manifest babel-eslint@^10.1.0
58 http fetch GET 200 https://registry.npmjs.org/babel-eslint 5ms (cache hit)
59 silly fetch manifest eslint@^7.32.0
60 http fetch GET 200 https://registry.npmjs.org/eslint 6ms (cache hit)
61 silly fetch manifest babel-preset-stage-0@^6.24.1
62 http fetch GET 200 https://registry.npmjs.org/babel-preset-stage-0 4ms (cache hit)
63 silly fetch manifest big.js@^5.2.2
64 http fetch GET 200 https://registry.npmjs.org/big.js 6ms (cache hit)
65 silly fetch manifest bootstrap@^5.0.2
66 http fetch GET 200 https://registry.npmjs.org/bootstrap 6ms (cache hit)
67 silly fetch manifest @popperjs/core@^2.9.3
68 http fetch GET 200 https://registry.npmjs.org/@popperjs%2fcore 4ms (cache hit)
69 silly fetch manifest eslint-config-airbnb-base@^14.2.1
70 http fetch GET 200 https://registry.npmjs.org/eslint-config-airbnb-base 6ms (cache hit)
71 silly fetch manifest eslint-plugin-import@^2.24.0
72 http fetch GET 200 https://registry.npmjs.org/eslint-plugin-import 4ms (cache hit)
73 silly fetch manifest prop-types@^15.7.2
74 http fetch GET 200 https://registry.npmjs.org/prop-types 4ms (cache hit)
75 silly fetch manifest react-router-dom@^5.2.0
76 http fetch GET 200 https://registry.npmjs.org/react-router-dom 5ms (cache hit)
77 silly fetch manifest react-scripts@^1.1.5
78 http fetch GET 200 https://registry.npmjs.org/react-scripts 7ms (cache hit)
79 silly fetch manifest sinon@^11.1.1
80 http fetch GET 200 https://registry.npmjs.org/sinon 5ms (cache hit)
81 silly fetch manifest web-vitals@^1.0.1
82 http fetch GET 200 https://registry.npmjs.org/web-vitals 3ms (cache hit)
83 silly fetch manifest @babel/cli@^7.14.8
84 http fetch GET 200 https://registry.npmjs.org/@babel%2fcli 4ms (cache hit)
85 silly fetch manifest @babel/core@^7.15.0
86 http fetch GET 200 https://registry.npmjs.org/@babel%2fcore 9ms (cache hit)
87 silly fetch manifest @babel/eslint-parser@^7.15.0
88 http fetch GET 200 https://registry.npmjs.org/@babel%2feslint-parser 4ms (cache hit)
89 silly fetch manifest @babel/node@^7.14.9
90 http fetch GET 200 https://registry.npmjs.org/@babel%2fnode 5ms (cache hit)
91 silly fetch manifest @babel/plugin-syntax-jsx@^7.14.5
92 http fetch GET 200 https://registry.npmjs.org/@babel%2fplugin-syntax-jsx 5ms (cache hit)
93 silly fetch manifest @babel/polyfill@^7.12.1
94 http fetch GET 200 https://registry.npmjs.org/@babel%2fpolyfill 4ms (cache hit)
95 silly fetch manifest @babel/preset-env@^7.15.0
96 http fetch GET 200 https://registry.npmjs.org/@babel%2fpreset-env 6ms (cache hit)
97 silly fetch manifest @babel/preset-react@^7.14.5
98 http fetch GET 200 https://registry.npmjs.org/@babel%2fpreset-react 5ms (cache hit)
99 silly fetch manifest babel-jest@^27.0.6
100 http fetch GET 200 https://registry.npmjs.org/babel-jest 6ms (cache hit)
101 silly fetch manifest enzyme-adapter-react-16@^1.15.6
102 http fetch GET 200 https://registry.npmjs.org/enzyme-adapter-react-16 5ms (cache hit)
103 silly fetch manifest react@^16.0.0-0
104 silly fetch manifest react-dom@^16.0.0-0
105 silly fetch manifest eslint-config-airbnb@^18.2.1
106 http fetch GET 200 https://registry.npmjs.org/eslint-config-airbnb 101ms (cache revalidated)
107 silly fetch manifest eslint-plugin-jsx-a11y@^6.4.1
108 http fetch GET 200 https://registry.npmjs.org/eslint-plugin-jsx-a11y 31ms (cache revalidated)
109 silly fetch manifest eslint-plugin-react@^7.24.0
110 http fetch GET 200 https://registry.npmjs.org/eslint-plugin-react 35ms (cache revalidated)
111 silly fetch manifest eslint-plugin-react-hooks@^4.2.0
112 http fetch GET 200 https://registry.npmjs.org/eslint-plugin-react-hooks 31ms (cache revalidated)
113 silly fetch manifest jest@^27.0.6
114 http fetch GET 200 https://registry.npmjs.org/jest 40ms (cache revalidated)
115 silly fetch manifest node-notifier@^8.0.1 || ^9.0.0 || ^10.0.0
116 http fetch GET 200 https://registry.npmjs.org/node-notifier 36ms (cache revalidated)
117 timing idealTree Completed in 747ms
118 timing command:install Completed in 782ms
119 verbose stack Error: Invalid tag name "<current-version>": Tags may not have any characters that encodeURIComponent encodes.
119 verbose stack     at invalidTagName (/home/railon/.nvm/versions/node/v16.6.1/lib/node_modules/npm/node_modules/npm-package-arg/npa.js:89:15)
119 verbose stack     at fromRegistry (/home/railon/.nvm/versions/node/v16.6.1/lib/node_modules/npm/node_modules/npm-package-arg/npa.js:343:13)
119 verbose stack     at Function.resolve (/home/railon/.nvm/versions/node/v16.6.1/lib/node_modules/npm/node_modules/npm-package-arg/npa.js:80:12)
119 verbose stack     at Arborist.[nodeFromEdge] (/home/railon/.nvm/versions/node/v16.6.1/lib/node_modules/npm/node_modules/@npmcli/arborist/lib/arborist/build-ideal-tree.js:987:22)
119 verbose stack     at Arborist.[buildDepStep] (/home/railon/.nvm/versions/node/v16.6.1/lib/node_modules/npm/node_modules/@npmcli/arborist/lib/arborist/build-ideal-tree.js:867:36)
119 verbose stack     at async Arborist.buildIdealTree (/home/railon/.nvm/versions/node/v16.6.1/lib/node_modules/npm/node_modules/@npmcli/arborist/lib/arborist/build-ideal-tree.js:203:7)
119 verbose stack     at async Promise.all (index 1)
119 verbose stack     at async Arborist.reify (/home/railon/.nvm/versions/node/v16.6.1/lib/node_modules/npm/node_modules/@npmcli/arborist/lib/arborist/reify.js:141:5)
119 verbose stack     at async Install.install (/home/railon/.nvm/versions/node/v16.6.1/lib/node_modules/npm/lib/install.js:150:5)
120 verbose cwd /home/railon/Projects/JavaScript/React/react-project-calculator
121 verbose Linux 5.11.0-25-generic
122 verbose argv "/home/railon/.nvm/versions/node/v16.6.1/bin/node" "/home/railon/.nvm/versions/node/v16.6.1/bin/npm" "install" "--force"
123 verbose node v16.6.1
124 verbose npm  v7.20.5
125 error code EINVALIDTAGNAME
126 error Invalid tag name "<current-version>": Tags may not have any characters that encodeURIComponent encodes.
127 verbose exit 1
