0 verbose cli [
0 verbose cli   '/home/railon/.nvm/versions/node/v16.6.1/bin/node',
0 verbose cli   '/home/railon/.nvm/versions/node/v16.6.1/bin/npm',
0 verbose cli   'i',
0 verbose cli   'jest',
0 verbose cli   'jest-styled-components',
0 verbose cli   'react-test-renderer',
0 verbose cli   '--save-dev'
0 verbose cli ]
1 info using npm@7.20.5
2 info using node@v16.6.1
3 timing npm:load:whichnode Completed in 0ms
4 timing config:load:defaults Completed in 1ms
5 timing config:load:file:/home/railon/.nvm/versions/node/v16.6.1/lib/node_modules/npm/npmrc Completed in 1ms
6 timing config:load:builtin Completed in 1ms
7 timing config:load:cli Completed in 2ms
8 timing config:load:env Completed in 1ms
9 timing config:load:file:/home/railon/Projects/JavaScript/React/react-project-calculator/.npmrc Completed in 0ms
10 timing config:load:project Completed in 0ms
11 timing config:load:file:/home/railon/.npmrc Completed in 2ms
12 timing config:load:user Completed in 2ms
13 timing config:load:file:/home/railon/.nvm/versions/node/v16.6.1/etc/npmrc Completed in 0ms
14 timing config:load:global Completed in 0ms
15 timing config:load:validate Completed in 0ms
16 timing config:load:credentials Completed in 2ms
17 timing config:load:setEnvs Completed in 0ms
18 timing config:load Completed in 9ms
19 timing npm:load:configload Completed in 10ms
20 timing npm:load:setTitle Completed in 0ms
21 timing npm:load:setupLog Completed in 0ms
22 timing config:load:flatten Completed in 3ms
23 timing npm:load:cleanupLog Completed in 2ms
24 timing npm:load:configScope Completed in 0ms
25 timing npm:load:projectScope Completed in 0ms
26 timing npm:load Completed in 18ms
27 timing arborist:ctor Completed in 5ms
28 timing idealTree:init Completed in 1499ms
29 warn idealTree Removing dependencies.react-test-renderer in favor of devDependencies.react-test-renderer
30 timing idealTree:userRequests Completed in 15ms
31 silly idealTree buildDeps
32 silly fetch manifest jest@^27.0.6
33 timing arborist:ctor Completed in 0ms
34 http fetch GET 200 https://registry.npmjs.org/jest 1440ms (cache revalidated)
35 silly fetch manifest node-notifier@^8.0.1 || ^9.0.0 || ^10.0.0
36 http fetch GET 200 https://registry.npmjs.org/node-notifier 73ms (cache revalidated)
37 silly fetch manifest react-test-renderer@^16.0.0-0
38 http fetch GET 200 https://registry.npmjs.org/react-test-renderer 106ms (cache revalidated)
39 silly fetch manifest react@^17.0.2
40 http fetch GET 200 https://registry.npmjs.org/react 105ms (cache revalidated)
41 silly fetch manifest react@^16.14.0
42 timing idealTree Completed in 3289ms
43 timing command:install Completed in 3323ms
44 verbose stack Error: unable to resolve dependency tree
44 verbose stack     at Arborist.[failPeerConflict] (/home/railon/.nvm/versions/node/v16.6.1/lib/node_modules/npm/node_modules/@npmcli/arborist/lib/arborist/build-ideal-tree.js:1266:25)
44 verbose stack     at Arborist.[loadPeerSet] (/home/railon/.nvm/versions/node/v16.6.1/lib/node_modules/npm/node_modules/@npmcli/arborist/lib/arborist/build-ideal-tree.js:1233:34)
44 verbose stack     at async Arborist.[buildDepStep] (/home/railon/.nvm/versions/node/v16.6.1/lib/node_modules/npm/node_modules/@npmcli/arborist/lib/arborist/build-ideal-tree.js:867:11)
44 verbose stack     at async Arborist.buildIdealTree (/home/railon/.nvm/versions/node/v16.6.1/lib/node_modules/npm/node_modules/@npmcli/arborist/lib/arborist/build-ideal-tree.js:203:7)
44 verbose stack     at async Promise.all (index 1)
44 verbose stack     at async Arborist.reify (/home/railon/.nvm/versions/node/v16.6.1/lib/node_modules/npm/node_modules/@npmcli/arborist/lib/arborist/reify.js:141:5)
44 verbose stack     at async Install.install (/home/railon/.nvm/versions/node/v16.6.1/lib/node_modules/npm/lib/install.js:150:5)
45 verbose cwd /home/railon/Projects/JavaScript/React/react-project-calculator
46 verbose Linux 5.11.0-25-generic
47 verbose argv "/home/railon/.nvm/versions/node/v16.6.1/bin/node" "/home/railon/.nvm/versions/node/v16.6.1/bin/npm" "i" "jest" "jest-styled-components" "react-test-renderer" "--save-dev"
48 verbose node v16.6.1
49 verbose npm  v7.20.5
50 error code ERESOLVE
51 error ERESOLVE unable to resolve dependency tree
52 error
53 error While resolving: [1mreact-calculator[22m@[1m0.1.0[22m
53 error Found: [1mreact[22m@[1m17.0.2[22m[2m[22m
53 error [2mnode_modules/react[22m
53 error   [1mreact[22m@"[1m^17.0.2[22m" from the root project
53 error
53 error Could not resolve dependency:
53 error [35mpeer[39m [1mreact[22m@"[1m^16.14.0[22m" from [1mreact-test-renderer[22m@[1m16.14.0[22m[2m[22m
53 error [2mnode_modules/react-test-renderer[22m
53 error   [33mdev[39m [1mreact-test-renderer[22m@"[1m^16.0.0-0[22m" from the root project
53 error
53 error Fix the upstream dependency conflict, or retry
53 error this command with --force, or --legacy-peer-deps
53 error to accept an incorrect (and potentially broken) dependency resolution.
53 error
53 error See /home/railon/Projects/JavaScript/React/react-project-calculator/C:tmpnodejsnpm-cache/eresolve-report.txt for a full report.
54 verbose exit 1
