0 verbose cli [
0 verbose cli   '/home/railon/.nvm/versions/node/v16.6.1/bin/node',
0 verbose cli   '/home/railon/.nvm/versions/node/v16.6.1/bin/npm',
0 verbose cli   'install'
0 verbose cli ]
1 info using npm@7.20.6
2 info using node@v16.6.1
3 timing npm:load:whichnode Completed in 0ms
4 timing config:load:defaults Completed in 2ms
5 timing config:load:file:/home/railon/.nvm/versions/node/v16.6.1/lib/node_modules/npm/npmrc Completed in 1ms
6 timing config:load:builtin Completed in 1ms
7 timing config:load:cli Completed in 1ms
8 timing config:load:env Completed in 0ms
9 timing config:load:file:/home/railon/Projects/JavaScript/React/react-project-calculator/.npmrc Completed in 0ms
10 timing config:load:project Completed in 1ms
11 timing config:load:file:/home/railon/.npmrc Completed in 1ms
12 timing config:load:user Completed in 1ms
13 timing config:load:file:/home/railon/.nvm/versions/node/v16.6.1/etc/npmrc Completed in 0ms
14 timing config:load:global Completed in 0ms
15 timing config:load:validate Completed in 1ms
16 timing config:load:credentials Completed in 1ms
17 timing config:load:setEnvs Completed in 1ms
18 timing config:load Completed in 10ms
19 timing npm:load:configload Completed in 10ms
20 timing npm:load:setTitle Completed in 0ms
21 timing npm:load:setupLog Completed in 0ms
22 timing config:load:flatten Completed in 2ms
23 timing npm:load:cleanupLog Completed in 2ms
24 timing npm:load:configScope Completed in 0ms
25 timing npm:load:projectScope Completed in 1ms
26 timing npm:load Completed in 17ms
27 timing arborist:ctor Completed in 5ms
28 timing idealTree Completed in 2ms
29 timing command:install Completed in 20ms
30 verbose stack JSONParseError: Unexpected end of JSON input while parsing near "...er\": \"^17.0.2\"\n  }\n}\n"
30 verbose stack     at /home/railon/.nvm/versions/node/v16.6.1/lib/node_modules/npm/node_modules/read-package-json-fast/index.js:11:61
30 verbose stack     at async Arborist.buildIdealTree (/home/railon/.nvm/versions/node/v16.6.1/lib/node_modules/npm/node_modules/@npmcli/arborist/lib/arborist/build-ideal-tree.js:200:7)
30 verbose stack     at async Promise.all (index 1)
30 verbose stack     at async Arborist.reify (/home/railon/.nvm/versions/node/v16.6.1/lib/node_modules/npm/node_modules/@npmcli/arborist/lib/arborist/reify.js:141:5)
30 verbose stack     at async Install.install (/home/railon/.nvm/versions/node/v16.6.1/lib/node_modules/npm/lib/install.js:150:5)
31 verbose cwd /home/railon/Projects/JavaScript/React/react-project-calculator
32 verbose Linux 5.11.0-27-generic
33 verbose argv "/home/railon/.nvm/versions/node/v16.6.1/bin/node" "/home/railon/.nvm/versions/node/v16.6.1/bin/npm" "install"
34 verbose node v16.6.1
35 verbose npm  v7.20.6
36 error code EJSONPARSE
37 error path /home/railon/Projects/JavaScript/React/react-project-calculator/package.json
38 error JSON.parse Unexpected end of JSON input while parsing near "...er\": \"^17.0.2\"\n  }\n}\n"
39 error JSON.parse Failed to parse JSON data.
39 error JSON.parse Note: package.json must be actual JSON, not just JavaScript.
40 verbose exit 1
